components/admin/CompletionFormModal.tsx(87,9): error TS2698: Spread types may only be created from object types.
components/admin/CompletionFormModal.tsx(88,25): error TS2339: Property 'capacity' does not exist on type 'never'.
components/admin/CompletionFormModal.tsx(88,41): error TS2339: Property 'occupied' does not exist on type 'never'.
components/admin/InventoryStatusDisplay.tsx(17,15): error TS2305: Module '"../../types"' has no exported member 'Inventory'.
components/admin/InventoryStatusDisplay.tsx(62,9): error TS2698: Spread types may only be created from object types.
components/admin/InventoryStatusDisplay.tsx(63,24): error TS2339: Property 'racks' does not exist on type 'never'.
components/admin/InventoryStatusDisplay.tsx(63,51): error TS2339: Property 'storage_area_id' does not exist on type 'never'.
components/admin/InventoryStatusDisplay.tsx(97,26): error TS2339: Property 'type' does not exist on type 'InventoryWithRack'.
components/admin/InventoryStatusDisplay.tsx(97,38): error TS2339: Property 'grade' does not exist on type 'InventoryWithRack'.
components/admin/InventoryStatusDisplay.tsx(97,51): error TS2339: Property 'outerDiameter' does not exist on type 'InventoryWithRack'.
components/admin/InventoryStatusDisplay.tsx(97,72): error TS2339: Property 'weight' does not exist on type 'InventoryWithRack'.
components/admin/InventoryStatusDisplay.tsx(101,21): error TS2339: Property 'type' does not exist on type 'InventoryWithRack'.
components/admin/InventoryStatusDisplay.tsx(102,22): error TS2339: Property 'grade' does not exist on type 'InventoryWithRack'.
components/admin/InventoryStatusDisplay.tsx(103,30): error TS2339: Property 'outerDiameter' does not exist on type 'InventoryWithRack'.
components/admin/InventoryStatusDisplay.tsx(104,23): error TS2339: Property 'weight' does not exist on type 'InventoryWithRack'.
components/admin/InventoryStatusDisplay.tsx(111,38): error TS2339: Property 'quantity' does not exist on type 'InventoryWithRack'.
components/admin/InventoryStatusDisplay.tsx(112,38): error TS2339: Property 'quantity' does not exist on type 'InventoryWithRack'.
components/admin/InventoryStatusDisplay.tsx(112,53): error TS2339: Property 'length' does not exist on type 'InventoryWithRack'.
components/admin/ManualRackAdjustmentModal.tsx(71,84): error TS2345: Argument of type '{ p_rack_id: any; p_new_joints: any; p_new_meters: any; p_reason: any; }' is not assignable to parameter of type 'never'.
components/admin/MarkPickedUpModal.tsx(19,45): error TS2305: Module '"../../types"' has no exported member 'Inventory'.
components/admin/MarkPickedUpModal.tsx(73,9): error TS2698: Spread types may only be created from object types.
components/admin/MarkPickedUpModal.tsx(74,24): error TS2339: Property 'racks' does not exist on type 'never'.
components/admin/MarkPickedUpModal.tsx(74,51): error TS2339: Property 'storage_area_id' does not exist on type 'never'.
components/admin/MarkPickedUpModal.tsx(95,54): error TS2339: Property 'id' does not exist on type 'InventoryWithRack'.
components/admin/MarkPickedUpModal.tsx(96,37): error TS2339: Property 'quantity' does not exist on type 'InventoryWithRack'.
components/admin/MarkPickedUpModal.tsx(99,54): error TS2339: Property 'id' does not exist on type 'InventoryWithRack'.
components/admin/MarkPickedUpModal.tsx(100,38): error TS2339: Property 'quantity' does not exist on type 'InventoryWithRack'.
components/admin/MarkPickedUpModal.tsx(100,53): error TS2339: Property 'length' does not exist on type 'InventoryWithRack'.
components/admin/MarkPickedUpModal.tsx(145,97): error TS2345: Argument of type '{ load_id_param: any; company_id_param: any; request_id_param: any; inventory_ids_param: any; actual_joints_param: any; completion_notes_param: any; }' is not assignable to parameter of type 'never'.
components/admin/MarkPickedUpModal.tsx(291,72): error TS2339: Property 'id' does not exist on type 'InventoryWithRack'.
components/admin/MarkPickedUpModal.tsx(294,32): error TS2339: Property 'id' does not exist on type 'InventoryWithRack'.
components/admin/MarkPickedUpModal.tsx(304,70): error TS2339: Property 'id' does not exist on type 'InventoryWithRack'.
components/admin/MarkPickedUpModal.tsx(310,34): error TS2339: Property 'quantity' does not exist on type 'InventoryWithRack'.
components/admin/MarkPickedUpModal.tsx(310,58): error TS2339: Property 'type' does not exist on type 'InventoryWithRack'.
components/admin/MarkPickedUpModal.tsx(317,32): error TS2339: Property 'grade' does not exist on type 'InventoryWithRack'.
components/admin/MarkPickedUpModal.tsx(317,46): error TS2339: Property 'outerDiameter' does not exist on type 'InventoryWithRack'.
components/admin/MarkPickedUpModal.tsx(317,72): error TS2339: Property 'weight' does not exist on type 'InventoryWithRack'.
components/admin/MarkPickedUpModal.tsx(317,94): error TS2339: Property 'length' does not exist on type 'InventoryWithRack'.
components/admin/StorageManagement.tsx(56,17): error TS2345: Argument of type '{ company_id: any; status: string; updated_at: string; }' is not assignable to parameter of type 'never'.
components/admin/StorageManagement.tsx(84,17): error TS2345: Argument of type '{ company_id: null; status: string; utilization_percentage: number; current_joints: number; current_length_ft: number; current_weight_lbs: number; updated_at: string; }' is not assignable to parameter of type 'never'.
components/admin/tiles/CompanyTile.tsx(78,20): error TS2339: Property 'id' does not exist on type 'never'.
components/admin/tiles/CompanyTile.tsx(79,27): error TS2339: Property 'company_id' does not exist on type 'never'.
components/admin/tiles/CompanyTile.tsx(80,24): error TS2339: Property 'user_email' does not exist on type 'never'.
components/admin/tiles/CompanyTile.tsx(81,29): error TS2339: Property 'reference_id' does not exist on type 'never'.
components/admin/tiles/CompanyTile.tsx(82,24): error TS2339: Property 'status' does not exist on type 'never'.
components/admin/tiles/CompanyTile.tsx(83,27): error TS2339: Property 'created_at' does not exist on type 'never'.
components/admin/tiles/CompanyTile.tsx(84,27): error TS2339: Property 'updated_at' does not exist on type 'never'.
components/admin/tiles/CompanyTile.tsx(85,32): error TS2339: Property 'request_details' does not exist on type 'never'.
components/admin/tiles/CompanyTile.tsx(86,30): error TS2339: Property 'trucking_info' does not exist on type 'never'.
components/admin/tiles/CompanyTile.tsx(87,33): error TS2339: Property 'assigned_rack_ids' does not exist on type 'never'.
components/admin/tiles/CompanyTile.tsx(88,31): error TS2339: Property 'internal_notes' does not exist on type 'never'.
components/admin/tiles/OutboundLoadsTile.tsx(51,9): error TS2698: Spread types may only be created from object types.
components/admin/tiles/OutboundLoadsTile.tsx(52,28): error TS2339: Property 'storage_requests' does not exist on type 'never'.
components/admin/tiles/OutboundLoadsTile.tsx(53,35): error TS2339: Property 'storage_requests' does not exist on type 'never'.
components/admin/tiles/OutboundLoadsTile.tsx(199,62): error TS2551: Property 'storage_requests' does not exist on type 'OutboundLoadWithDetails'. Did you mean 'storageRequestId'?
components/Chatbot.tsx(112,18): error TS2304: Cannot find name 'Spinner'.
components/InboundShipmentWizard.tsx(231,57): error TS2339: Property 'quote_number' does not exist on type 'never'.
components/InboundShipmentWizard.tsx(238,12): error TS2769: No overload matches this call.
  Overload 1 of 2, '(values: never, options?: { count?: "exact" | "planned" | "estimated"; }): PostgrestFilterBuilder<{ PostgrestVersion: "12"; }, never, never, null, "trucking_quotes", never, "POST">', gave the following error.
    Argument of type '{ request_id: any; company_id: any; created_by: any; quote_number: string; origin_address: any; destination_address: string; status: string; }' is not assignable to parameter of type 'never'.
  Overload 2 of 2, '(values: never[], options?: { count?: "exact" | "planned" | "estimated"; defaultToNull?: boolean; }): PostgrestFilterBuilder<{ PostgrestVersion: "12"; }, never, never, null, "trucking_quotes", never, "POST">', gave the following error.
    Object literal may only specify known properties, and 'request_id' does not exist in type 'never[]'.
components/InboundShipmentWizard.tsx(254,26): error TS2339: Property 'id' does not exist on type 'never'.
components/InboundShipmentWizard.tsx(433,12): error TS2769: No overload matches this call.
  Overload 1 of 2, '(values: never, options?: { count?: "exact" | "planned" | "estimated"; }): PostgrestFilterBuilder<{ PostgrestVersion: "12"; }, never, never, null, "documents", never, "POST">', gave the following error.
    Argument of type '{ company_id: any; request_id: any; file_name: any; file_type: any; file_size: any; storage_path: any; extracted_data: null; is_processed: boolean; }' is not assignable to parameter of type 'never'.
  Overload 2 of 2, '(values: never[], options?: { count?: "exact" | "planned" | "estimated"; defaultToNull?: boolean; }): PostgrestFilterBuilder<{ PostgrestVersion: "12"; }, never, never, null, "documents", never, "POST">', gave the following error.
    Object literal may only specify known properties, and 'company_id' does not exist in type 'never[]'.
components/InboundShipmentWizard.tsx(452,12): error TS2769: No overload matches this call.
  Overload 1 of 2, '(values: never, options?: { count?: "exact" | "planned" | "estimated"; }): PostgrestFilterBuilder<{ PostgrestVersion: "12"; }, never, never, null, "shipment_documents", never, "POST">', gave the following error.
    Argument of type '{ shipment_id: string; truck_id: string; document_id: any; document_type: string; status: string; uploaded_by: any; trucking_load_id: string; }' is not assignable to parameter of type 'never'.
  Overload 2 of 2, '(values: never[], options?: { count?: "exact" | "planned" | "estimated"; defaultToNull?: boolean; }): PostgrestFilterBuilder<{ PostgrestVersion: "12"; }, never, never, null, "shipment_documents", never, "POST">', gave the following error.
    Object literal may only specify known properties, and 'shipment_id' does not exist in type 'never[]'.
components/InboundShipmentWizard.tsx(455,38): error TS2339: Property 'id' does not exist on type 'never'.
components/InboundShipmentWizard.tsx(469,14): error TS2769: No overload matches this call.
  Overload 1 of 2, '(values: never, options?: { count?: "exact" | "planned" | "estimated"; }): PostgrestFilterBuilder<{ PostgrestVersion: "12"; }, never, never, null, "trucking_documents", never, "POST">', gave the following error.
    Argument of type '{ trucking_load_id: string; file_name: any; storage_path: any; document_type: string; uploaded_by: any; }' is not assignable to parameter of type 'never'.
  Overload 2 of 2, '(values: never[], options?: { count?: "exact" | "planned" | "estimated"; defaultToNull?: boolean; }): PostgrestFilterBuilder<{ PostgrestVersion: "12"; }, never, never, null, "trucking_documents", never, "POST">', gave the following error.
    Object literal may only specify known properties, and 'trucking_load_id' does not exist in type 'never[]'.
components/InboundShipmentWizard.tsx(485,34): error TS2339: Property 'id' does not exist on type 'never'.
components/InboundShipmentWizard.tsx(486,46): error TS2339: Property 'trucking_load_id' does not exist on type 'never'.
components/InboundShipmentWizard.tsx(487,40): error TS2339: Property 'file_name' does not exist on type 'never'.
components/InboundShipmentWizard.tsx(488,43): error TS2339: Property 'storage_path' does not exist on type 'never'.
components/InboundShipmentWizard.tsx(489,44): error TS2339: Property 'document_type' does not exist on type 'never'.
components/InboundShipmentWizard.tsx(490,42): error TS2339: Property 'uploaded_by' does not exist on type 'never'.
components/InboundShipmentWizard.tsx(491,42): error TS2339: Property 'uploaded_at' does not exist on type 'never'.
components/InboundShipmentWizard.tsx(499,82): error TS2339: Property 'id' does not exist on type 'never'.
components/InboundShipmentWizard.tsx(526,27): error TS18047: 'latestLoad' is possibly 'null'.
components/InboundShipmentWizard.tsx(644,10): error TS2769: No overload matches this call.
  Overload 1 of 2, '(values: never, options?: { count?: "exact" | "planned" | "estimated"; }): PostgrestFilterBuilder<{ PostgrestVersion: "12"; }, never, never, null, "shipments", never, "POST">', gave the following error.
    Argument of type '{ request_id: any; company_id: any; created_by: any; trucking_method: any; trucking_company: any; trucking_contact_name: any; trucking_contact_phone: any; trucking_contact_email: any; number_of_trucks: number; ... 7 more ...; status: string; }' is not assignable to parameter of type 'never'.
  Overload 2 of 2, '(values: never[], options?: { count?: "exact" | "planned" | "estimated"; defaultToNull?: boolean; }): PostgrestFilterBuilder<{ PostgrestVersion: "12"; }, never, never, null, "shipments", never, "POST">', gave the following error.
    Object literal may only specify known properties, and 'request_id' does not exist in type 'never[]'.
components/InboundShipmentWizard.tsx(674,30): error TS2339: Property 'id' does not exist on type 'never'.
components/InboundShipmentWizard.tsx(678,10): error TS2769: No overload matches this call.
  Overload 1 of 2, '(values: never, options?: { count?: "exact" | "planned" | "estimated"; }): PostgrestFilterBuilder<{ PostgrestVersion: "12"; }, never, never, null, "shipment_trucks", never, "POST">', gave the following error.
    Argument of type '{ shipment_id: any; sequence_number: number; status: string; trucking_company: any; contact_name: any; contact_phone: any; contact_email: any; scheduled_slot_start: any; scheduled_slot_end: any; notes: string; }' is not assignable to parameter of type 'never'.
  Overload 2 of 2, '(values: never[], options?: { count?: "exact" | "planned" | "estimated"; defaultToNull?: boolean; }): PostgrestFilterBuilder<{ PostgrestVersion: "12"; }, never, never, null, "shipment_trucks", never, "POST">', gave the following error.
    Object literal may only specify known properties, and 'shipment_id' does not exist in type 'never[]'.
components/InboundShipmentWizard.tsx(679,33): error TS2339: Property 'id' does not exist on type 'never'.
components/InboundShipmentWizard.tsx(705,37): error TS2339: Property 'id' does not exist on type 'never'.
components/InboundShipmentWizard.tsx(713,12): error TS2769: No overload matches this call.
  Overload 1 of 2, '(values: never, options?: { count?: "exact" | "planned" | "estimated"; }): PostgrestFilterBuilder<{ PostgrestVersion: "12"; }, never, never, null, "dock_appointments", never, "POST">', gave the following error.
    Argument of type '{ shipment_id: any; truck_id: any; slot_start: any; slot_end: any; after_hours: any; surcharge_applied: any; status: string; calendar_sync_status: string; }' is not assignable to parameter of type 'never'.
  Overload 2 of 2, '(values: never[], options?: { count?: "exact" | "planned" | "estimated"; defaultToNull?: boolean; }): PostgrestFilterBuilder<{ PostgrestVersion: "12"; }, never, never, null, "dock_appointments", never, "POST">', gave the following error.
    Object literal may only specify known properties, and 'shipment_id' does not exist in type 'never[]'.
components/InboundShipmentWizard.tsx(714,35): error TS2339: Property 'id' does not exist on type 'never'.
components/InboundShipmentWizard.tsx(715,23): error TS18047: 'truck' is possibly 'null'.
components/InboundShipmentWizard.tsx(747,35): error TS18047: 'latestLoad' is possibly 'null'.
components/InboundShipmentWizard.tsx(766,12): error TS2769: No overload matches this call.
  Overload 1 of 2, '(values: never, options?: { count?: "exact" | "planned" | "estimated"; }): PostgrestFilterBuilder<{ PostgrestVersion: "12"; }, never, never, null, "trucking_loads", never, "POST">', gave the following error.
    Argument of type '{ storage_request_id: any; direction: string; sequence_number: any; status: "NEW"; scheduled_slot_start: any; scheduled_slot_end: any; pickup_location: { company: any; address: any; }; delivery_location: { ...; }; ... 10 more ...; total_weight_lbs_planned: any; }' is not assignable to parameter of type 'never'.
  Overload 2 of 2, '(values: never[], options?: { count?: "exact" | "planned" | "estimated"; defaultToNull?: boolean; }): PostgrestFilterBuilder<{ PostgrestVersion: "12"; }, never, never, null, "trucking_loads", never, "POST">', gave the following error.
    Object literal may only specify known properties, and 'storage_request_id' does not exist in type 'never[]'.
components/InboundShipmentWizard.tsx(817,13): error TS18047: 'appointment' is possibly 'null'.
components/InboundShipmentWizard.tsx(818,82): error TS2339: Property 'id' does not exist on type 'never'.
components/InboundShipmentWizard.tsx(820,13): error TS18047: 'truck' is possibly 'null'.
components/InboundShipmentWizard.tsx(821,74): error TS2339: Property 'id' does not exist on type 'never'.
components/InboundShipmentWizard.tsx(823,69): error TS2339: Property 'id' does not exist on type 'never'.
components/InboundShipmentWizard.tsx(827,43): error TS2339: Property 'id' does not exist on type 'never'.
components/InboundShipmentWizard.tsx(830,49): error TS2345: Argument of type '{ trucking_load_id: any; }' is not assignable to parameter of type 'never'.
components/InboundShipmentWizard.tsx(830,105): error TS2339: Property 'id' does not exist on type 'never'.
components/InboundShipmentWizard.tsx(831,13): error TS18047: 'truck' is possibly 'null'.
components/InboundShipmentWizard.tsx(832,57): error TS2345: Argument of type '{ trucking_load_id: any; }' is not assignable to parameter of type 'never'.
components/InboundShipmentWizard.tsx(832,110): error TS2339: Property 'id' does not exist on type 'never'.
components/InboundShipmentWizard.tsx(834,13): error TS18047: 'appointment' is possibly 'null'.
components/InboundShipmentWizard.tsx(835,59): error TS2345: Argument of type '{ trucking_load_id: any; }' is not assignable to parameter of type 'never'.
components/InboundShipmentWizard.tsx(835,118): error TS2339: Property 'id' does not exist on type 'never'.
components/InboundShipmentWizard.tsx(842,26): error TS2339: Property 'id' does not exist on type 'never'.
components/InboundShipmentWizard.tsx(843,40): error TS2339: Property 'storage_request_id' does not exist on type 'never'.
components/InboundShipmentWizard.tsx(844,33): error TS2339: Property 'direction' does not exist on type 'never'.
components/InboundShipmentWizard.tsx(845,38): error TS2339: Property 'sequence_number' does not exist on type 'never'.
components/InboundShipmentWizard.tsx(846,30): error TS2339: Property 'status' does not exist on type 'never'.
components/InboundShipmentWizard.tsx(847,42): error TS2339: Property 'scheduled_slot_start' does not exist on type 'never'.
components/InboundShipmentWizard.tsx(848,40): error TS2339: Property 'scheduled_slot_end' does not exist on type 'never'.
components/InboundShipmentWizard.tsx(849,39): error TS2339: Property 'pickup_location' does not exist on type 'never'.
components/InboundShipmentWizard.tsx(850,41): error TS2339: Property 'delivery_location' does not exist on type 'never'.
components/InboundShipmentWizard.tsx(851,33): error TS2339: Property 'asset_name' does not exist on type 'never'.
components/InboundShipmentWizard.tsx(852,35): error TS2339: Property 'wellpad_name' does not exist on type 'never'.
components/InboundShipmentWizard.tsx(853,32): error TS2339: Property 'well_name' does not exist on type 'never'.
components/InboundShipmentWizard.tsx(854,27): error TS2339: Property 'uwi' does not exist on type 'never'.
components/InboundShipmentWizard.tsx(855,39): error TS2339: Property 'trucking_company' does not exist on type 'never'.
components/InboundShipmentWizard.tsx(856,38): error TS2339: Property 'contact_company' does not exist on type 'never'.
components/InboundShipmentWizard.tsx(857,35): error TS2339: Property 'contact_name' does not exist on type 'never'.
components/InboundShipmentWizard.tsx(858,36): error TS2339: Property 'contact_phone' does not exist on type 'never'.
components/InboundShipmentWizard.tsx(859,36): error TS2339: Property 'contact_email' does not exist on type 'never'.
components/InboundShipmentWizard.tsx(860,34): error TS2339: Property 'driver_name' does not exist on type 'never'.
components/InboundShipmentWizard.tsx(861,35): error TS2339: Property 'driver_phone' does not exist on type 'never'.
components/InboundShipmentWizard.tsx(862,29): error TS2339: Property 'notes' does not exist on type 'never'.
components/InboundShipmentWizard.tsx(863,42): error TS2339: Property 'total_joints_planned' does not exist on type 'never'.
components/InboundShipmentWizard.tsx(864,44): error TS2339: Property 'total_length_ft_planned' does not exist on type 'never'.
components/InboundShipmentWizard.tsx(865,45): error TS2339: Property 'total_weight_lbs_planned' does not exist on type 'never'.
components/InboundShipmentWizard.tsx(866,44): error TS2339: Property 'total_joints_completed' does not exist on type 'never'.
components/InboundShipmentWizard.tsx(867,46): error TS2339: Property 'total_length_ft_completed' does not exist on type 'never'.
components/InboundShipmentWizard.tsx(868,47): error TS2339: Property 'total_weight_lbs_completed' does not exist on type 'never'.
components/InboundShipmentWizard.tsx(869,34): error TS2339: Property 'approved_at' does not exist on type 'never'.
components/InboundShipmentWizard.tsx(870,35): error TS2339: Property 'completed_at' does not exist on type 'never'.
components/InboundShipmentWizard.tsx(871,33): error TS2339: Property 'created_at' does not exist on type 'never'.
components/InboundShipmentWizard.tsx(872,33): error TS2339: Property 'updated_at' does not exist on type 'never'.
components/InboundShipmentWizard.tsx(877,18): error TS2339: Property 'id' does not exist on type 'never'.
components/InboundShipmentWizard.tsx(878,9): error TS18047: 'truck' is possibly 'null'.
components/InboundShipmentWizard.tsx(927,92): error TS2339: Property 'id' does not exist on type 'never'.
components/InboundShipmentWizardOld.tsx(712,12): error TS2769: No overload matches this call.
  Overload 1 of 2, '(values: never, options?: { count?: "exact" | "planned" | "estimated"; }): PostgrestFilterBuilder<{ PostgrestVersion: "12"; }, never, never, null, "documents", never, "POST">', gave the following error.
    Argument of type '{ company_id: any; request_id: any; file_name: string; file_type: string; file_size: number; storage_path: string; extracted_data: null; is_processed: boolean; }' is not assignable to parameter of type 'never'.
  Overload 2 of 2, '(values: never[], options?: { count?: "exact" | "planned" | "estimated"; defaultToNull?: boolean; }): PostgrestFilterBuilder<{ PostgrestVersion: "12"; }, never, never, null, "documents", never, "POST">', gave the following error.
    Object literal may only specify known properties, and 'company_id' does not exist in type 'never[]'.
components/InboundShipmentWizardOld.tsx(732,35): error TS2339: Property 'id' does not exist on type 'never'.
components/OutboundShipmentWizard.tsx(207,28): error TS2339: Property 'sequence_number' does not exist on type 'never'.
components/OutboundShipmentWizard.tsx(213,10): error TS2769: No overload matches this call.
  Overload 1 of 2, '(values: never, options?: { count?: "exact" | "planned" | "estimated"; }): PostgrestFilterBuilder<{ PostgrestVersion: "12"; }, never, never, null, "trucking_loads", never, "POST">', gave the following error.
    Argument of type '{ storage_request_id: any; company_id: any; direction: string; sequence_number: any; status: string; scheduled_slot_start: any; scheduled_slot_end: any; destination_lsd: any; destination_well_name: any; destination_uwi: any; shipping_method: any; notes: any; }' is not assignable to parameter of type 'never'.
  Overload 2 of 2, '(values: never[], options?: { count?: "exact" | "planned" | "estimated"; defaultToNull?: boolean; }): PostgrestFilterBuilder<{ PostgrestVersion: "12"; }, never, never, null, "trucking_loads", never, "POST">', gave the following error.
    Object literal may only specify known properties, and 'storage_request_id' does not exist in type 'never[]'.
components/OutboundShipmentWizard.tsx(234,31): error TS2339: Property 'id' does not exist on type 'never'.
components/RequestDocumentsPanel.tsx(174,21): error TS2345: Argument of type '{ parsed_payload: any; }' is not assignable to parameter of type 'never'.
components/RequestDocumentsPanel.tsx(181,23): error TS2345: Argument of type '{ total_joints_planned: number; total_length_ft_planned: number; total_weight_lbs_planned: number; }' is not assignable to parameter of type 'never'.
components/StorageRequestChatbot.tsx(19,36): error TS2339: Property 'env' does not exist on type 'ImportMeta'.
components/StorageRequestChatbot.tsx(58,9): error TS2353: Object literal may only specify known properties, and 'dangerouslyAllowBrowser' does not exist in type 'ClientOptions'.
components/StorageRequestChatbot.tsx(133,11): error TS2741: Property 'contactEmail' is missing in type '{ companyName: any; fullName: any; contactNumber: any; itemType: any; grade: any; connection: any; avgJointLength: number; totalJoints: number; storageStartDate: any; storageEndDate: any; casingSpec: { ...; }; }' but required in type 'NewRequestDetails'.
components/StorageRequestWizard.tsx(12,3): error TS2305: Module '"./icons/Icons"' has no exported member 'MapPinIcon'.
components/StorageRequestWizard.tsx(13,3): error TS2305: Module '"./icons/Icons"' has no exported member 'CalendarIcon'.
components/StorageRequestWizard.tsx(14,3): error TS2305: Module '"./icons/Icons"' has no exported member 'CubeIcon'.
components/StorageRequestWizard.tsx(152,9): error TS2322: Type 'Resolver<{ referenceId?: string; grade?: string; storageLocation?: string; specialInstructions?: string; contactEmail?: string; companyName?: string; fullName?: string; contactNumber?: string; itemType?: "Blank Pipe" | ... 1 more ... | "Other"; ... 13 more ...; storageContactNumber?: string; }, any, { ...; }>' is not assignable to type 'Resolver<NewRequestDetails, any, NewRequestDetails>'.
  Types of parameters 'values' and 'values' are incompatible.
    Type 'NewRequestDetails' is not assignable to type '{ referenceId?: string; grade?: string; storageLocation?: string; specialInstructions?: string; contactEmail?: string; companyName?: string; fullName?: string; contactNumber?: string; itemType?: "Blank Pipe" | "Sand Control" | "Other"; ... 13 more ...; storageContactNumber?: string; }'.
      Types of property 'itemType' are incompatible.
        Type '"Blank Pipe" | "Sand Control" | "Flow Control" | "Tools" | "Other"' is not assignable to type '"Blank Pipe" | "Sand Control" | "Other"'.
          Type '"Flow Control"' is not assignable to type '"Blank Pipe" | "Sand Control" | "Other"'.
components/StorageRequestWizard.tsx(160,13): error TS2322: Type '""' is not assignable to type '"Other" | "H40" | "J55" | "L80" | "N80" | "C90" | "T95" | "P110"'.
components/StorageRequestWizard.tsx(161,13): error TS2322: Type '""' is not assignable to type '"Other" | "Blank" | "NUE" | "EUE" | "BTC" | "Premium" | "Semi-Premium"'.
components/StorageRequestWizard.tsx(173,32): error TS2769: No overload matches this call.
  Overload 1 of 4, '(names: readonly ("grade" | "contactEmail" | "companyName" | "fullName" | "contactNumber" | "itemType" | "itemTypeOther" | "sandControlScreenType" | "sandControlScreenTypeOther" | "casingSpec" | ... 14 more ... | "casingSpec.drift_mm")[], defaultValue?: { ...; }): readonly (string | ... 1 more ... | CasingSpec)[]', gave the following error.
    Argument of type 'string' is not assignable to parameter of type 'readonly ("grade" | "contactEmail" | "companyName" | "fullName" | "contactNumber" | "itemType" | "itemTypeOther" | "sandControlScreenType" | "sandControlScreenTypeOther" | "casingSpec" | ... 14 more ... | "casingSpec.drift_mm")[]'.
  Overload 2 of 4, '(name: "grade" | "contactEmail" | "companyName" | "fullName" | "contactNumber" | "itemType" | "itemTypeOther" | "sandControlScreenType" | "sandControlScreenTypeOther" | "casingSpec" | ... 14 more ... | "casingSpec.drift_mm", defaultValue?: string | ... 1 more ... | CasingSpec): string | ... 1 more ... | CasingSpec', gave the following error.
    Argument of type '"truckingType"' is not assignable to parameter of type '"grade" | "contactEmail" | "companyName" | "fullName" | "contactNumber" | "itemType" | "itemTypeOther" | "sandControlScreenType" | "sandControlScreenTypeOther" | "casingSpec" | ... 14 more ... | "casingSpec.drift_mm"'.
  Overload 3 of 4, '(callback: WatchObserver<NewRequestDetails>, defaultValues?: { companyName?: string; fullName?: string; contactEmail?: string; contactNumber?: string; itemType?: "Blank Pipe" | ... 3 more ... | "Other"; ... 12 more ...; storageEndDate?: string; }): Subscription', gave the following error.
    Argument of type 'string' is not assignable to parameter of type 'WatchObserver<NewRequestDetails>'.
components/StorageRequestWizard.tsx(208,102): error TS2345: Argument of type '"referenceId"' is not assignable to parameter of type '"grade" | "contactEmail" | "companyName" | "fullName" | "contactNumber" | "itemType" | "itemTypeOther" | "sandControlScreenType" | "sandControlScreenTypeOther" | "casingSpec" | ... 14 more ... | "casingSpec.drift_mm"'.
components/StorageRequestWizard.tsx(209,41): error TS2339: Property 'referenceId' does not exist on type 'FieldErrors<NewRequestDetails>'.
components/StorageRequestWizard.tsx(209,105): error TS2339: Property 'referenceId' does not exist on type 'FieldErrors<NewRequestDetails>'.
components/StorageRequestWizard.tsx(310,69): error TS2345: Argument of type '"truckingType"' is not assignable to parameter of type '"grade" | "contactEmail" | "companyName" | "fullName" | "contactNumber" | "itemType" | "itemTypeOther" | "sandControlScreenType" | "sandControlScreenTypeOther" | "casingSpec" | ... 14 more ... | "casingSpec.drift_mm"'.
components/StorageRequestWizard.tsx(312,49): error TS2367: This comparison appears to be unintentional because the types 'readonly (string | number | CasingSpec)[]' and 'string' have no overlap.
components/StorageRequestWizard.tsx(323,30): error TS2367: This comparison appears to be unintentional because the types 'readonly (string | number | CasingSpec)[]' and 'string' have no overlap.
components/StorageRequestWizard.tsx(329,85): error TS2345: Argument of type '"storageCompany"' is not assignable to parameter of type '"grade" | "contactEmail" | "companyName" | "fullName" | "contactNumber" | "itemType" | "itemTypeOther" | "sandControlScreenType" | "sandControlScreenTypeOther" | "casingSpec" | ... 14 more ... | "casingSpec.drift_mm"'.
components/StorageRequestWizard.tsx(330,53): error TS2339: Property 'storageCompany' does not exist on type 'FieldErrors<NewRequestDetails>'.
components/StorageRequestWizard.tsx(330,120): error TS2339: Property 'storageCompany' does not exist on type 'FieldErrors<NewRequestDetails>'.
components/StorageRequestWizard.tsx(334,89): error TS2345: Argument of type '"storageContactName"' is not assignable to parameter of type '"grade" | "contactEmail" | "companyName" | "fullName" | "contactNumber" | "itemType" | "itemTypeOther" | "sandControlScreenType" | "sandControlScreenTypeOther" | "casingSpec" | ... 14 more ... | "casingSpec.drift_mm"'.
components/StorageRequestWizard.tsx(335,53): error TS2339: Property 'storageContactName' does not exist on type 'FieldErrors<NewRequestDetails>'.
components/StorageRequestWizard.tsx(335,124): error TS2339: Property 'storageContactName' does not exist on type 'FieldErrors<NewRequestDetails>'.
components/StorageRequestWizard.tsx(339,103): error TS2345: Argument of type '"storageContactEmail"' is not assignable to parameter of type '"grade" | "contactEmail" | "companyName" | "fullName" | "contactNumber" | "itemType" | "itemTypeOther" | "sandControlScreenType" | "sandControlScreenTypeOther" | "casingSpec" | ... 14 more ... | "casingSpec.drift_mm"'.
components/StorageRequestWizard.tsx(340,53): error TS2339: Property 'storageContactEmail' does not exist on type 'FieldErrors<NewRequestDetails>'.
components/StorageRequestWizard.tsx(340,125): error TS2339: Property 'storageContactEmail' does not exist on type 'FieldErrors<NewRequestDetails>'.
components/StorageRequestWizard.tsx(344,91): error TS2345: Argument of type '"storageContactNumber"' is not assignable to parameter of type '"grade" | "contactEmail" | "companyName" | "fullName" | "contactNumber" | "itemType" | "itemTypeOther" | "sandControlScreenType" | "sandControlScreenTypeOther" | "casingSpec" | ... 14 more ... | "casingSpec.drift_mm"'.
components/StorageRequestWizard.tsx(345,53): error TS2339: Property 'storageContactNumber' does not exist on type 'FieldErrors<NewRequestDetails>'.
components/StorageRequestWizard.tsx(345,126): error TS2339: Property 'storageContactNumber' does not exist on type 'FieldErrors<NewRequestDetails>'.
components/StorageRequestWizard.tsx(353,126): error TS2345: Argument of type '"specialInstructions"' is not assignable to parameter of type '"grade" | "contactEmail" | "companyName" | "fullName" | "contactNumber" | "itemType" | "itemTypeOther" | "sandControlScreenType" | "sandControlScreenTypeOther" | "casingSpec" | ... 14 more ... | "casingSpec.drift_mm"'.
constants.ts(65,5): error TS2741: Property 'contactEmail' is missing in type '{ companyName: string; fullName: string; contactNumber: string; itemType: "Blank Pipe"; casingSpec: { size_in: number; size_mm: number; weight_lbs_ft: number; id_in: number; id_mm: number; drift_in: number; drift_mm: number; }; ... 5 more ...; storageEndDate: string; }' but required in type 'NewRequestDetails'.
constants.ts(88,5): error TS2741: Property 'contactEmail' is missing in type '{ companyName: string; fullName: string; contactNumber: string; itemType: "Blank Pipe"; casingSpec: { size_in: number; size_mm: number; weight_lbs_ft: number; id_in: number; id_mm: number; drift_in: number; drift_mm: number; }; ... 5 more ...; storageEndDate: string; }' but required in type 'NewRequestDetails'.
hooks/useApprovalWorkflow.ts(40,84): error TS2345: Argument of type '{ p_request_id: string; p_assigned_rack_ids: string[]; p_required_joints: number; p_notes: string; }' is not assignable to parameter of type 'never'.
hooks/useApprovalWorkflow.ts(122,83): error TS2345: Argument of type '{ p_request_id: string; p_rejection_reason: string; p_notes: string; }' is not assignable to parameter of type 'never'.
hooks/useCompanyData.ts(273,13): error TS18047: 'company' is possibly 'null'.
hooks/useCompanyData.ts(274,15): error TS18047: 'company' is possibly 'null'.
hooks/useCompanyData.ts(275,17): error TS18047: 'company' is possibly 'null'.
hooks/useCompanyData.ts(291,15): error TS18047: 'company' is possibly 'null'.
hooks/useCompanyData.ts(292,17): error TS18047: 'company' is possibly 'null'.
hooks/useCompanyData.ts(293,19): error TS18047: 'company' is possibly 'null'.
hooks/useCompanyData.ts(303,22): error TS18047: 'company' is possibly 'null'.
hooks/useLoadApproval.ts(93,17): error TS2345: Argument of type '{ status: TruckingLoadStatus; }' is not assignable to parameter of type 'never'.
hooks/useLoadApproval.ts(191,17): error TS2345: Argument of type '{ status: TruckingLoadStatus; }' is not assignable to parameter of type 'never'.
hooks/useLoadApproval.ts(378,17): error TS2345: Argument of type '{ status: TruckingLoadStatus; }' is not assignable to parameter of type 'never'.
hooks/useLoadApproval.ts(508,9): error TS2345: Argument of type '{ load_id_param: string; company_id_param: string; request_id_param: string; rack_id_param: string; actual_joints_param: number; completion_notes_param: string; }' is not assignable to parameter of type 'never'.
hooks/useLoadApproval.ts(547,22): error TS2339: Property 'capacity' does not exist on type 'never'.
hooks/useLoadApproval.ts(547,42): error TS2339: Property 'occupied' does not exist on type 'never'.
hooks/useLoadApproval.ts(580,32): error TS18047: 'data' is possibly 'null'.
hooks/useRealtimeUpdates.ts(104,59): error TS2339: Property 'id' does not exist on type '{} | { [key: string]: any; }'.
  Property 'id' does not exist on type '{}'.
hooks/useRealtimeUpdates.ts(134,28): error TS2339: Property 'company_id' does not exist on type '{} | { [key: string]: any; }'.
  Property 'company_id' does not exist on type '{}'.
hooks/useRealtimeUpdates.ts(135,63): error TS2339: Property 'company_id' does not exist on type '{} | { [key: string]: any; }'.
  Property 'company_id' does not exist on type '{}'.
hooks/useRealtimeUpdates.ts(137,28): error TS2339: Property 'request_id' does not exist on type '{} | { [key: string]: any; }'.
  Property 'request_id' does not exist on type '{}'.
hooks/useRealtimeUpdates.ts(142,42): error TS2339: Property 'storage_area_id' does not exist on type '{} | Partial<{ [key: string]: any; }>'.
  Property 'storage_area_id' does not exist on type '{}'.
hooks/useRealtimeUpdates.ts(143,42): error TS2339: Property 'storage_area_id' does not exist on type '{} | { [key: string]: any; }'.
  Property 'storage_area_id' does not exist on type '{}'.
hooks/useRealtimeUpdates.ts(172,44): error TS2339: Property 'occupied' does not exist on type '{} | Partial<{ [key: string]: any; }>'.
  Property 'occupied' does not exist on type '{}'.
hooks/useRealtimeUpdates.ts(173,44): error TS2339: Property 'occupied' does not exist on type '{} | { [key: string]: any; }'.
  Property 'occupied' does not exist on type '{}'.
hooks/useRealtimeUpdates.ts(178,59): error TS2339: Property 'id' does not exist on type '{} | { [key: string]: any; }'.
  Property 'id' does not exist on type '{}'.
hooks/useRealtimeUpdates.ts(203,28): error TS2339: Property 'status' does not exist on type '{} | Partial<{ [key: string]: any; }>'.
  Property 'status' does not exist on type '{}'.
hooks/useRealtimeUpdates.ts(203,52): error TS2339: Property 'status' does not exist on type '{} | { [key: string]: any; }'.
  Property 'status' does not exist on type '{}'.
hooks/useSupabaseData.ts(38,49): error TS2339: Property 'yard_areas' does not exist on type '{ companies: { Row: { id: string; name: string; domain: string; created_at: string; updated_at: string; }; Insert: { id?: string; name: string; domain: string; created_at?: string; updated_at?: string; }; Update: { ...; }; }; ... 15 more ...; yards: { ...; }; }'.
hooks/useSupabaseData.ts(149,42): error TS2352: Conversion of type 'string | number | boolean | { [key: string]: Json; } | Json[]' to type 'NewRequestDetails' may be a mistake because neither type sufficiently overlaps with the other. If this was intentional, convert the expression to 'unknown' first.
  Type 'Json[]' is missing the following properties from type 'NewRequestDetails': companyName, fullName, contactEmail, contactNumber, and 8 more.
hooks/useSupabaseData.ts(150,38): error TS2352: Conversion of type 'string | number | boolean | { [key: string]: Json; } | Json[]' to type 'TruckingInfo' may be a mistake because neither type sufficiently overlaps with the other. If this was intentional, convert the expression to 'unknown' first.
  Property 'truckingType' is missing in type 'Json[]' but required in type 'TruckingInfo'.
hooks/useSupabaseData.ts(182,20): error TS2339: Property 'inventory_id' does not exist on type '{ id: string; company_id: string; request_id: string; file_name: string; file_type: string; file_size: number; storage_path: string; extracted_data: Json; is_processed: boolean; created_at: string; updated_at: string; }'.
hooks/useSupabaseData.ts(189,19): error TS2339: Property 'uploaded_at' does not exist on type '{ id: string; company_id: string; request_id: string; file_name: string; file_type: string; file_size: number; storage_path: string; extracted_data: Json; is_processed: boolean; created_at: string; updated_at: string; }'.
hooks/useSupabaseData.ts(190,20): error TS2339: Property 'processed_at' does not exist on type '{ id: string; company_id: string; request_id: string; file_name: string; file_type: string; file_size: number; storage_path: string; extracted_data: Json; is_processed: boolean; created_at: string; updated_at: string; }'.
hooks/useSupabaseData.ts(193,31): error TS2552: Cannot find name 'TruckLoadRow'. Did you mean 'TruckLoad'?
hooks/useSupabaseData.ts(243,29): error TS2339: Property 'uploaded_at' does not exist on type '{ id: string; company_id: string; request_id: string; file_name: string; file_type: string; file_size: number; storage_path: string; extracted_data: Json; is_processed: boolean; created_at: string; updated_at: string; }'.
hooks/useSupabaseData.ts(344,23): error TS2339: Property 'parsed_payload' does not exist on type '{ id: string; trucking_load_id: string; file_name: string; storage_path: string; document_type: string; uploaded_by: string; uploaded_at: string; }'.
hooks/useSupabaseData.ts(491,10): error TS2769: No overload matches this call.
  Overload 1 of 2, '(values: never, options?: { count?: "exact" | "planned" | "estimated"; }): PostgrestFilterBuilder<{ PostgrestVersion: "12"; }, never, never, null, "companies", never, "POST">', gave the following error.
    Argument of type '{ name: string; domain: string; }' is not assignable to parameter of type 'never'.
  Overload 2 of 2, '(values: never[], options?: { count?: "exact" | "planned" | "estimated"; defaultToNull?: boolean; }): PostgrestFilterBuilder<{ PostgrestVersion: "12"; }, never, never, null, "companies", never, "POST">', gave the following error.
    Object literal may only specify known properties, and 'name' does not exist in type 'never[]'.
hooks/useSupabaseData.ts(551,10): error TS2769: No overload matches this call.
  Overload 1 of 2, '(values: never, options?: { count?: "exact" | "planned" | "estimated"; }): PostgrestFilterBuilder<{ PostgrestVersion: "12"; }, never, never, null, "storage_requests", never, "POST">', gave the following error.
    Argument of type '{ company_id: string; user_email: string; reference_id: string; status: RequestStatus; request_details: NewRequestDetails; trucking_info: TruckingInfo; ... 7 more ...; internal_notes: string; }' is not assignable to parameter of type 'never'.
  Overload 2 of 2, '(values: never[], options?: { count?: "exact" | "planned" | "estimated"; defaultToNull?: boolean; }): PostgrestFilterBuilder<{ PostgrestVersion: "12"; }, never, never, null, "storage_requests", never, "POST">', gave the following error.
    Object literal may only specify known properties, and 'company_id' does not exist in type 'never[]'.
hooks/useSupabaseData.ts(611,17): error TS2345: Argument of type 'any' is not assignable to parameter of type 'never'.
hooks/useSupabaseData.ts(666,10): error TS2769: No overload matches this call.
  Overload 1 of 2, '(values: never, options?: { count?: "exact" | "planned" | "estimated"; }): PostgrestFilterBuilder<{ PostgrestVersion: "12"; }, never, never, null, "inventory", never, "POST">', gave the following error.
    Argument of type '{ company_id: string; reference_id: string; type: "Drill Pipe" | "Casing" | "Tubing" | "Line Pipe"; grade: string; outer_diameter: number; weight: number; length: number; quantity: number; status: PipeStatus; drop_off_timestamp: string; storage_area_id: string; }' is not assignable to parameter of type 'never'.
  Overload 2 of 2, '(values: never[], options?: { count?: "exact" | "planned" | "estimated"; defaultToNull?: boolean; }): PostgrestFilterBuilder<{ PostgrestVersion: "12"; }, never, never, null, "inventory", never, "POST">', gave the following error.
    Object literal may only specify known properties, and 'company_id' does not exist in type 'never[]'.
hooks/useSupabaseData.ts(720,17): error TS2345: Argument of type 'Record<string, unknown>' is not assignable to parameter of type 'never'.
hooks/useSupabaseData.ts(1067,10): error TS2769: No overload matches this call.
  Overload 1 of 2, '(values: never, options?: { count?: "exact" | "planned" | "estimated"; }): PostgrestFilterBuilder<{ PostgrestVersion: "12"; }, never, never, null, "shipments", never, "POST">', gave the following error.
    Argument of type '{ request_id: string; company_id: string; created_by: string; status: ShipmentStatus; trucking_method: TruckingMethod; trucking_company: string; trucking_contact_name: string; ... 9 more ...; calendar_sync_status: string; }' is not assignable to parameter of type 'never'.
  Overload 2 of 2, '(values: never[], options?: { count?: "exact" | "planned" | "estimated"; defaultToNull?: boolean; }): PostgrestFilterBuilder<{ PostgrestVersion: "12"; }, never, never, null, "shipments", never, "POST">', gave the following error.
    Object literal may only specify known properties, and 'request_id' does not exist in type 'never[]'.
hooks/useSupabaseData.ts(1158,17): error TS2345: Argument of type 'Record<string, unknown>' is not assignable to parameter of type 'never'.
hooks/useSupabaseData.ts(1192,10): error TS2769: No overload matches this call.
  Overload 1 of 2, '(values: never, options?: { count?: "exact" | "planned" | "estimated"; }): PostgrestFilterBuilder<{ PostgrestVersion: "12"; }, never, never, null, "shipment_trucks", never, "POST">', gave the following error.
    Argument of type '{ shipment_id: string; sequence_number: number; status: ShipmentTruckStatus; trucking_company: string; contact_name: string; contact_phone: string; contact_email: string; ... 7 more ...; notes: string; }' is not assignable to parameter of type 'never'.
  Overload 2 of 2, '(values: never[], options?: { count?: "exact" | "planned" | "estimated"; defaultToNull?: boolean; }): PostgrestFilterBuilder<{ PostgrestVersion: "12"; }, never, never, null, "shipment_trucks", never, "POST">', gave the following error.
    Object literal may only specify known properties, and 'shipment_id' does not exist in type 'never[]'.
hooks/useSupabaseData.ts(1245,17): error TS2345: Argument of type 'Record<string, unknown>' is not assignable to parameter of type 'never'.
hooks/useSupabaseData.ts(1286,10): error TS2769: No overload matches this call.
  Overload 1 of 2, '(values: never, options?: { count?: "exact" | "planned" | "estimated"; }): PostgrestFilterBuilder<{ PostgrestVersion: "12"; }, never, never, null, "dock_appointments", never, "POST">', gave the following error.
    Argument of type '{ shipment_id: string; truck_id: string; slot_start: string; slot_end: string; after_hours: boolean; surcharge_applied: boolean; status: AppointmentStatus; calendar_event_id: string; calendar_sync_status: string; }' is not assignable to parameter of type 'never'.
  Overload 2 of 2, '(values: never[], options?: { count?: "exact" | "planned" | "estimated"; defaultToNull?: boolean; }): PostgrestFilterBuilder<{ PostgrestVersion: "12"; }, never, never, null, "dock_appointments", never, "POST">', gave the following error.
    Object literal may only specify known properties, and 'shipment_id' does not exist in type 'never[]'.
hooks/useSupabaseData.ts(1329,17): error TS2345: Argument of type 'Record<string, unknown>' is not assignable to parameter of type 'never'.
hooks/useSupabaseData.ts(1370,10): error TS2769: No overload matches this call.
  Overload 1 of 2, '(values: never, options?: { count?: "exact" | "planned" | "estimated"; }): PostgrestFilterBuilder<{ PostgrestVersion: "12"; }, never, never, null, "shipment_documents", never, "POST">', gave the following error.
    Argument of type '{ shipment_id: string; truck_id: string; document_id: string; document_type: string; status: ManifestDocumentStatus; parsed_payload: Record<string, unknown>; processing_notes: string; uploaded_by: string; }' is not assignable to parameter of type 'never'.
  Overload 2 of 2, '(values: never[], options?: { count?: "exact" | "planned" | "estimated"; defaultToNull?: boolean; }): PostgrestFilterBuilder<{ PostgrestVersion: "12"; }, never, never, null, "shipment_documents", never, "POST">', gave the following error.
    Object literal may only specify known properties, and 'shipment_id' does not exist in type 'never[]'.
hooks/useSupabaseData.ts(1409,17): error TS2345: Argument of type 'Record<string, unknown>' is not assignable to parameter of type 'never'.
hooks/useSupabaseData.ts(1450,10): error TS2769: No overload matches this call.
  Overload 1 of 2, '(values: never, options?: { count?: "exact" | "planned" | "estimated"; }): PostgrestFilterBuilder<{ PostgrestVersion: "12"; }, never, never, null, "shipment_items", never, "POST">', gave the following error.
    Argument of type '{ shipment_id: string; truck_id: string; document_id: string; inventory_id: string; manufacturer: string; heat_number: string; serial_number: string; tally_length_ft: number; quantity: number; status: ShipmentItemStatus; notes: string; }' is not assignable to parameter of type 'never'.
  Overload 2 of 2, '(values: never[], options?: { count?: "exact" | "planned" | "estimated"; defaultToNull?: boolean; }): PostgrestFilterBuilder<{ PostgrestVersion: "12"; }, never, never, null, "shipment_items", never, "POST">', gave the following error.
    Object literal may only specify known properties, and 'shipment_id' does not exist in type 'never[]'.
hooks/useSupabaseData.ts(1495,17): error TS2345: Argument of type 'Record<string, unknown>' is not assignable to parameter of type 'never'.
hooks/useSupabaseData.ts(1562,17): error TS2345: Argument of type '{ occupied: number; occupied_meters: number; }' is not assignable to parameter of type 'never'.
hooks/useSupabaseData.ts(1708,17): error TS2769: No overload matches this call.
  Overload 1 of 2, '(values: never, options?: { count?: "exact" | "planned" | "estimated"; }): PostgrestFilterBuilder<{ PostgrestVersion: "12"; }, never, never, null, "trucking_loads", never, "POST">', gave the following error.
    Argument of type 'Record<string, unknown>' is not assignable to parameter of type 'never'.
  Overload 2 of 2, '(values: never[], options?: { count?: "exact" | "planned" | "estimated"; defaultToNull?: boolean; }): PostgrestFilterBuilder<{ PostgrestVersion: "12"; }, never, never, null, "trucking_loads", never, "POST">', gave the following error.
    Argument of type 'Record<string, unknown>' is not assignable to parameter of type 'never[]'.
      Type 'Record<string, unknown>' is missing the following properties from type 'never[]': length, pop, push, concat, and 29 more.
hooks/useSupabaseData.ts(1756,17): error TS2345: Argument of type 'Record<string, unknown>' is not assignable to parameter of type 'never'.
hooks/useSupabaseData.ts(1810,17): error TS2769: No overload matches this call.
  Overload 1 of 2, '(values: never, options?: { count?: "exact" | "planned" | "estimated"; }): PostgrestFilterBuilder<{ PostgrestVersion: "12"; }, never, never, null, "trucking_documents", never, "POST">', gave the following error.
    Argument of type 'Record<string, unknown>' is not assignable to parameter of type 'never'.
  Overload 2 of 2, '(values: never[], options?: { count?: "exact" | "planned" | "estimated"; defaultToNull?: boolean; }): PostgrestFilterBuilder<{ PostgrestVersion: "12"; }, never, never, null, "trucking_documents", never, "POST">', gave the following error.
    Argument of type 'Record<string, unknown>' is not assignable to parameter of type 'never[]'.
      Type 'Record<string, unknown>' is missing the following properties from type 'never[]': length, pop, push, concat, and 29 more.
lib/AuthContext.tsx(237,10): error TS2769: No overload matches this call.
  Overload 1 of 2, '(values: never, options?: { count?: "exact" | "planned" | "estimated"; }): PostgrestFilterBuilder<{ PostgrestVersion: "12"; }, never, never, null, "companies", never, "POST">', gave the following error.
    Argument of type '{ name: string; domain: string; }' is not assignable to parameter of type 'never'.
  Overload 2 of 2, '(values: never[], options?: { count?: "exact" | "planned" | "estimated"; defaultToNull?: boolean; }): PostgrestFilterBuilder<{ PostgrestVersion: "12"; }, never, never, null, "companies", never, "POST">', gave the following error.
    Object literal may only specify known properties, and 'name' does not exist in type 'never[]'.
lib/supabase.ts(4,33): error TS2339: Property 'env' does not exist on type 'ImportMeta'.
lib/supabase.ts(5,37): error TS2339: Property 'env' does not exist on type 'ImportMeta'.
scripts/cleanup-test-users.ts(85,75): error TS2339: Property 'email' does not exist on type 'never'.
services/claudeService.ts(9,36): error TS2339: Property 'env' does not exist on type 'ImportMeta'.
services/claudeService.ts(17,5): error TS2353: Object literal may only specify known properties, and 'dangerouslyAllowBrowser' does not exist in type 'ClientOptions'.
services/emailService.ts(4,36): error TS2339: Property 'env' does not exist on type 'ImportMeta'.
services/geminiService.ts(13,36): error TS2339: Property 'env' does not exist on type 'ImportMeta'.
services/manifestProcessingService.ts(182,30): error TS2339: Property 'env' does not exist on type 'ImportMeta'.
services/manifestProcessingService.ts(280,30): error TS2339: Property 'env' does not exist on type 'ImportMeta'.
services/notificationService.ts(15,39): error TS2339: Property 'env' does not exist on type 'ImportMeta'.
services/slackService.ts(4,39): error TS2339: Property 'env' does not exist on type 'ImportMeta'.
supabase/functions/fetch-realtime-weather/index.ts(1,23): error TS2307: Cannot find module 'https://deno.land/std@0.168.0/http/server.ts' or its corresponding type declarations.
supabase/functions/fetch-realtime-weather/index.ts(3,26): error TS2304: Cannot find name 'Deno'.
supabase/functions/fetch-weather-forecast/index.ts(1,23): error TS2307: Cannot find module 'https://deno.land/std@0.168.0/http/server.ts' or its corresponding type declarations.
supabase/functions/fetch-weather-forecast/index.ts(3,26): error TS2304: Cannot find name 'Deno'.
supabase/functions/process-notification-queue/index.ts(19,23): error TS2307: Cannot find module 'https://deno.land/std@0.168.0/http/server.ts' or its corresponding type declarations.
supabase/functions/process-notification-queue/index.ts(20,30): error TS2307: Cannot find module 'https://esm.sh/@supabase/supabase-js@2' or its corresponding type declarations.
supabase/functions/process-notification-queue/index.ts(23,22): error TS2304: Cannot find name 'Deno'.
supabase/functions/process-notification-queue/index.ts(24,35): error TS2304: Cannot find name 'Deno'.
supabase/functions/process-notification-queue/index.ts(25,24): error TS2304: Cannot find name 'Deno'.
supabase/functions/process-notification-queue/index.ts(26,27): error TS2304: Cannot find name 'Deno'.
supabase/functions/process-notification-queue/index.ts(27,20): error TS2304: Cannot find name 'Deno'.
supabase/functions/process-notification-queue/index.ts(186,35): error TS2339: Property 'loadNumber' does not exist on type 'NotificationPayload'.
supabase/functions/process-notification-queue/index.ts(192,57): error TS2339: Property 'loadNumber' does not exist on type 'NotificationPayload'.
supabase/functions/process-notification-queue/index.ts(197,64): error TS2339: Property 'scheduledDate' does not exist on type 'NotificationPayload'.
supabase/functions/process-notification-queue/index.ts(198,64): error TS2339: Property 'scheduledTime' does not exist on type 'NotificationPayload'.
supabase/functions/process-notification-queue/index.ts(199,66): error TS2339: Property 'truckingCompany' does not exist on type 'NotificationPayload'.
supabase/functions/process-notification-queue/index.ts(200,56): error TS2339: Property 'driverName' does not exist on type 'NotificationPayload'.
supabase/functions/process-notification-queue/index.ts(201,62): error TS2339: Property 'driverPhone' does not exist on type 'NotificationPayload'.
supabase/functions/process-notification-queue/index.ts(202,65): error TS2339: Property 'totalJoints' does not exist on type 'NotificationPayload'.
supabase/functions/process-notification-queue/index.ts(230,19): error TS2339: Property 'loadNumber' does not exist on type 'NotificationPayload'.
supabase/functions/process-notification-queue/index.ts(234,34): error TS2339: Property 'loadNumber' does not exist on type 'NotificationPayload'.
supabase/functions/process-notification-queue/index.ts(237,29): error TS2339: Property 'scheduledDate' does not exist on type 'NotificationPayload'.
supabase/functions/process-notification-queue/index.ts(238,29): error TS2339: Property 'scheduledTime' does not exist on type 'NotificationPayload'.
supabase/functions/process-notification-queue/index.ts(239,31): error TS2339: Property 'truckingCompany' does not exist on type 'NotificationPayload'.
supabase/functions/process-notification-queue/index.ts(240,21): error TS2339: Property 'driverName' does not exist on type 'NotificationPayload'.
supabase/functions/process-notification-queue/index.ts(241,27): error TS2339: Property 'driverPhone' does not exist on type 'NotificationPayload'.
supabase/functions/process-notification-queue/index.ts(242,30): error TS2339: Property 'totalJoints' does not exist on type 'NotificationPayload'.
supabase/functions/process-notification-queue/index.ts(287,36): error TS2339: Property 'loadNumber' does not exist on type 'NotificationPayload'.
supabase/functions/process-notification-queue/index.ts(293,56): error TS2339: Property 'loadNumber' does not exist on type 'NotificationPayload'.
supabase/functions/process-notification-queue/index.ts(298,65): error TS2339: Property 'jointsReceived' does not exist on type 'NotificationPayload'.
supabase/functions/process-notification-queue/index.ts(299,62): error TS2339: Property 'totalLength' does not exist on type 'NotificationPayload'.
supabase/functions/process-notification-queue/index.ts(300,62): error TS2339: Property 'totalWeight' does not exist on type 'NotificationPayload'.
supabase/functions/process-notification-queue/index.ts(301,66): error TS2339: Property 'rackLocation' does not exist on type 'NotificationPayload'.
supabase/functions/process-notification-queue/index.ts(306,82): error TS2339: Property 'projectTotalJoints' does not exist on type 'NotificationPayload'.
supabase/functions/process-notification-queue/index.ts(331,20): error TS2339: Property 'loadNumber' does not exist on type 'NotificationPayload'.
supabase/functions/process-notification-queue/index.ts(335,33): error TS2339: Property 'loadNumber' does not exist on type 'NotificationPayload'.
supabase/functions/process-notification-queue/index.ts(338,30): error TS2339: Property 'jointsReceived' does not exist on type 'NotificationPayload'.
supabase/functions/process-notification-queue/index.ts(339,27): error TS2339: Property 'totalLength' does not exist on type 'NotificationPayload'.
supabase/functions/process-notification-queue/index.ts(340,27): error TS2339: Property 'totalWeight' does not exist on type 'NotificationPayload'.
supabase/functions/process-notification-queue/index.ts(341,31): error TS2339: Property 'rackLocation' does not exist on type 'NotificationPayload'.
supabase/functions/process-notification-queue/index.ts(344,11): error TS2339: Property 'projectTotalJoints' does not exist on type 'NotificationPayload'.
supabase/functions/process-notification-queue/index.ts(386,36): error TS2339: Property 'loadNumber' does not exist on type 'NotificationPayload'.
supabase/functions/process-notification-queue/index.ts(392,40): error TS2339: Property 'loadNumber' does not exist on type 'NotificationPayload'.
supabase/functions/process-notification-queue/index.ts(397,56): error TS2339: Property 'driverName' does not exist on type 'NotificationPayload'.
supabase/functions/process-notification-queue/index.ts(398,62): error TS2339: Property 'driverPhone' does not exist on type 'NotificationPayload'.
supabase/functions/process-notification-queue/index.ts(399,67): error TS2339: Property 'eta' does not exist on type 'NotificationPayload'.
supabase/functions/process-notification-queue/index.ts(400,65): error TS2339: Property 'totalJoints' does not exist on type 'NotificationPayload'.
supabase/functions/process-notification-queue/index.ts(427,20): error TS2339: Property 'loadNumber' does not exist on type 'NotificationPayload'.
supabase/functions/process-notification-queue/index.ts(431,17): error TS2339: Property 'loadNumber' does not exist on type 'NotificationPayload'.
supabase/functions/process-notification-queue/index.ts(434,21): error TS2339: Property 'driverName' does not exist on type 'NotificationPayload'.
supabase/functions/process-notification-queue/index.ts(435,27): error TS2339: Property 'driverPhone' does not exist on type 'NotificationPayload'.
supabase/functions/process-notification-queue/index.ts(436,32): error TS2339: Property 'eta' does not exist on type 'NotificationPayload'.
supabase/functions/process-notification-queue/index.ts(437,30): error TS2339: Property 'totalJoints' does not exist on type 'NotificationPayload'.
utils/featureFlags.ts(56,29): error TS2339: Property 'env' does not exist on type 'ImportMeta'.
utils/featureFlags.ts(133,19): error TS2339: Property 'env' does not exist on type 'ImportMeta'.
utils/featureFlags.ts(145,17): error TS2339: Property 'env' does not exist on type 'ImportMeta'.
utils/truckingStatus.ts(14,21): error TS2322: Type '"REJECTED"' is not assignable to type 'TruckingLoadStatus'.
utils/truckingStatus.ts(50,7): error TS2367: This comparison appears to be unintentional because the types '"APPROVED" | "IN_TRANSIT" | "CANCELLED" | "NEW"' and '"REJECTED"' have no overlap.
